文件：Input_output.c 编译器版本 HGASM 0202 页次1


   1  0000              ; Generated by holtek-gcc v3.19, Tue Mar 26 14:05:35 2019
   2  0000              ; 
   3  0000              ; Configuration:
   4  0000              ;       without long instruction
   5  0000              ;       Single ROM, Multi-RAM
   6  0000              ;       bits_per_rom_unit:16
   7  0000              ;       with mp1
   8  0000              ;       with tbhp, address(0x9)
   9  0000              ;          Use tabrd-const
  10  0000              ;       
  11  0000              ;       
  12  0000              ;       
  13  0000              ; use 'tabrdc' instead of 'tabrd'
  14  0000              ;       
  15  0000              
  16  0000              #pragma translator "holtek-gcc 4.6.4" "3.19" "build 20130711"
  17  0000              ; Rebuild 115
  18  0000              
  19  0000              ir equ [2]
  20  0000              mp equ [3]
  21  0000              sbp equ [1]
  22  0000              acc equ [5]
  23  0000              bp equ [4]
  24  0000              tblp equ [7]
  25  0000              tbhp equ [9]
  26  0000              status equ [10]
  27  0000              c equ [10].0
  28  0000              ac equ [10].1
  29  0000              z equ [10].2
  30  0000              ov equ [10].3
  31  0000              intc equ [11]
  32  0000              
  33  0000              extern ra:byte
  34  0000              extern rb:byte
  35  0000              extern rc:byte
  36  0000              extern rd:byte
  37  0000              extern re:byte
  38  0000              extern rf:byte
  39  0000              extern rg:byte
  40  0000              extern rh:byte
  41  0000              extern _Crom2Prom:near
  42  0000              extern _Crom2PromNext:near
  43  0000              
  44  0000              RAMBANK 0 @HCCINIT, @HCCINIT0
  45  0000              
  46  0000              RAMBANK 0 @BITDATASEC, @BITDATASEC1
  47  0000              @HCCINIT	.section 'data'
  48  0000              @HCCINIT0	.section 'data'
  49  0000              @BITDATASEC	 .section 'data'
  50  0000              @BITDATASEC1	 .section 'data'
  51  0000              
  52  0000              #pragma debug scope 1 1
  53  0000              	extern __DELAY3:near
  54  0000              	extern __DELAYX3:near
  55  0000              	extern __DELAYX6:near
  56  0000              	extern __DELAYY5:near
  57  0000              	extern __DELAYY3:near
  58  0000              	extern _builtin_holtek_delay_2:byte
  59  0000              public _delay_ms
文件：Input_output.ASM 编译器版本 HGASM 0202 页次2

  60  0000              #pragma debug scope 2 1

   9  0000              #line 9 "Y:\Documents\GitHub\Holtek\Input_output\Input_output.c"
   9  0000              _delay_ms .section 'code'
   9  0000              _delay_ms proc
   9  0000              public _delay_ms_2
   9  0000  0002[           local _delay_ms_2 db 2 dup(?)	; 2,0
            00
            ]
   9  0002              #pragma debug variable 12 2 _delay_ms_2+0 "ms"
  10  0002              #line 10 "Y:\Documents\GitHub\Holtek\Input_output\Input_output.c"
  10  0000  2800     R  	jmp _L2
  10  0001              _L3:
  11  0001              #line 11 "Y:\Documents\GitHub\Holtek\Input_output\Input_output.c"
  11  0001              ;# 11 "Y:\Documents\GitHub\Holtek\Input_output\Input_output.c" 1
  11  0001              	IF 2000>263690
  11  0001              ;# 11 "Y:\Documents\GitHub\Holtek\Input_output\Input_output.c" 1
  11  0001              	ERRMESSAGE 'the value 2000of the argument exceeds the maxinum 263690'
  11  0001              	ENDIF
  11  0001              ;# 11 "Y:\Documents\GitHub\Holtek\Input_output\Input_output.c" 1
  11  0001              	IF 2000<0
  11  0001              ;# 11 "Y:\Documents\GitHub\Holtek\Input_output\Input_output.c" 1
  11  0001              	ERRMESSAGE 'the value 2000 of the argument exceeds the mininum 0'
  11  0001              	ENDIF
  11  0001              ;# 11 "Y:\Documents\GitHub\Holtek\Input_output\Input_output.c" 1
  11  0001              	IF 2000==0
  11  0001              ;# 11 "Y:\Documents\GitHub\Holtek\Input_output\Input_output.c" 1
  11  0001              	JMP $
  11  0001              	ENDIF
  11  0001              ;# 11 "Y:\Documents\GitHub\Holtek\Input_output\Input_output.c" 1
  11  0001              	IF 2000==1
  11  0001              ;# 11 "Y:\Documents\GitHub\Holtek\Input_output\Input_output.c" 1
  11  0001              	NOP
  11  0001              	ENDIF
  11  0001              ;# 11 "Y:\Documents\GitHub\Holtek\Input_output\Input_output.c" 1
  11  0001              	IF 2000==2
  11  0001              ;# 11 "Y:\Documents\GitHub\Holtek\Input_output\Input_output.c" 1
  11  0001              	NOP
  11  0001              ;# 11 "Y:\Documents\GitHub\Holtek\Input_output\Input_output.c" 1
  11  0001              	NOP
  11  0001              	ENDIF
  11  0001              ;# 11 "Y:\Documents\GitHub\Holtek\Input_output\Input_output.c" 1
  11  0001              	IF 2000==3
  11  0001              ;# 11 "Y:\Documents\GitHub\Holtek\Input_output\Input_output.c" 1
  11  0001              	NOP
  11  0001              ;# 11 "Y:\Documents\GitHub\Holtek\Input_output\Input_output.c" 1
  11  0001              	NOP
  11  0001              ;# 11 "Y:\Documents\GitHub\Holtek\Input_output\Input_output.c" 1
  11  0001              	NOP
  11  0001              	ENDIF
  11  0001              ;# 11 "Y:\Documents\GitHub\Holtek\Input_output\Input_output.c" 1
  11  0001              	IF (2000<8) AND (2000>3)
  11  0001              ;# 11 "Y:\Documents\GitHub\Holtek\Input_output\Input_output.c" 1
  11  0001              	CALL __DELAY3 + 7 -2000
  11  0001              	ENDIF
  11  0001              ;# 11 "Y:\Documents\GitHub\Holtek\Input_output\Input_output.c" 1
  11  0001              	IF (2000< 0404h) AND (2000>7)
  11  0001              ;# 11 "Y:\Documents\GitHub\Holtek\Input_output\Input_output.c" 1
  11  0001              	MOV A,2000/4-1
  11  0001              ;# 11 "Y:\Documents\GitHub\Holtek\Input_output\Input_output.c" 1
文件：Input_output.c 编译器版本 HGASM 0202 页次3

  11  0001              	CALL __DELAYX3 + 3 -(2000 MOD 4)
  11  0001              	ENDIF
  11  0001              ;# 11 "Y:\Documents\GitHub\Holtek\Input_output\Input_output.c" 1
  11  0001              	IF (2000< 0x40B) AND (2000> 0403h)
  11  0001              ;# 11 "Y:\Documents\GitHub\Holtek\Input_output\Input_output.c" 1
  11  0001              	MOV A,0 
  11  0001              ;# 11 "Y:\Documents\GitHub\Holtek\Input_output\Input_output.c" 1
  11  0001              	CALL __DELAYX6 + 0x40a -2000
  11  0001              	ENDIF
  11  0001              ;# 11 "Y:\Documents\GitHub\Holtek\Input_output\Input_output.c" 1
  11  0001              	IF (2000 >= 0x40b) AND ((((2000-9)%0402h)/4+1)>256)
  11  0001              ;# 11 "Y:\Documents\GitHub\Holtek\Input_output\Input_output.c" 1
  11  0001              	MOV A,(2000-9)/0402h
  11  0001              ;# 11 "Y:\Documents\GitHub\Holtek\Input_output\Input_output.c" 1
  11  0001              	MOV _builtin_holtek_delay_2,A
  11  0001              ;# 11 "Y:\Documents\GitHub\Holtek\Input_output\Input_output.c" 1
  11  0001              	MOV A,0
  11  0001              ;# 11 "Y:\Documents\GitHub\Holtek\Input_output\Input_output.c" 1
  11  0001              	CALL __DELAYY5 +5- (((2000-9)%0402h)%6)
  11  0001              	ENDIF
  11  0001              ;# 11 "Y:\Documents\GitHub\Holtek\Input_output\Input_output.c" 1
  11  0001              	IF (2000 >= 0x40b) AND ((((2000-9)%0402h)/4+1)<=256)
  11  0001              ;# 11 "Y:\Documents\GitHub\Holtek\Input_output\Input_output.c" 1
  11  0001  0F01        	MOV A,(2000-9)/0402h
  11  0002              ;# 11 "Y:\Documents\GitHub\Holtek\Input_output\Input_output.c" 1
  11  0002  0080     E  	MOV _builtin_holtek_delay_2,A
  11  0003              ;# 11 "Y:\Documents\GitHub\Holtek\Input_output\Input_output.c" 1
  11  0003  0FF2        	MOV A,((2000-9)%0402h)/4+1
  11  0004              ;# 11 "Y:\Documents\GitHub\Holtek\Input_output\Input_output.c" 1
  11  0004  2000     E  	CALL __DELAYY3 +3-(((2000-9)%0402h)%4)
  11  0005              	ENDIF
  12  0005              #line 12 "Y:\Documents\GitHub\Holtek\Input_output\Input_output.c"
  12  0005              ;# 12 "Y:\Documents\GitHub\Holtek\Input_output\Input_output.c" 1
  12  0005  0001        	clr wdt
  12  0006              _L2:
  10  0006              #line 10 "Y:\Documents\GitHub\Holtek\Input_output\Input_output.c"
  10  0006  0FFF        	mov a,255
  10  0007  0380     R  	addm a,_delay_ms_2[0]
  10  0008  0FFF        	mov a,255
  10  0009  1380     R  	adcm a,_delay_ms_2[1]
  10  000A  0700     R  	mov a,_delay_ms_2[0]
  10  000B  0600     R  	and a,_delay_ms_2[1]
  10  000C  0B01        	add a,1
  10  000D  380A        	snz c
  10  000E  2800     R  	jmp _L3
  10  000F  0003        	ret
  10  0010              _delay_ms endp
  10  0010              #line 10 "Y:\Documents\GitHub\Holtek\Input_output\Input_output.c"
  10  0010              #pragma debug scope 1 1
  10  0010              ___wdtc equ [26]
  10  0010              ___pac equ [21]
  10  0010              ___cpc equ [63]
  10  0010              ___pcc equ [66]
  10  0010              ___pcpu equ [67]
  10  0010              ___pa equ [20]
  10  0010              ___tm0c0 equ [47]
  10  0010              ___tm0c1 equ [48]
  10  0010              ___tm0al equ [51]
  10  0010              ___tm0ah equ [52]
  10  0010              ___intc0 equ [14]
文件：Input_output.c 编译器版本 HGASM 0202 页次4

  10  0010              ___mfi0 equ [17]
  10  0010              public _main
  10  0010              #pragma debug scope 3 1
  17  0010              #line 17 "Y:\Documents\GitHub\Holtek\Input_output\Input_output.c"
  17  0010              IFDEF WITH_DEFAULT_STARTUP
  17  0010              extern _main_initial0:near
  17  0010              extern _main_startup:near
  17  0010              ENDIF
  17  0010              
  17  0010              ROMBANK 0 @start
  17  0000              @start .section com_l 'code'
  17  0000              _main_startup1:
  17  0000              @start .section com_e 'code'
  17  0000  2800     R  	jmp _main
  17  0001              
  17  0000              _main .section 'code'
  17  0000              _main proc
  18  0000              #line 18 "Y:\Documents\GitHub\Holtek\Input_output\Input_output.c"
  18  0000  0FA8        	mov a,168
  18  0001  009A        	mov [26],a
  19  0002              #line 19 "Y:\Documents\GitHub\Holtek\Input_output\Input_output.c"
  19  0002  3595        	clr [21].3
  20  0003              #line 20 "Y:\Documents\GitHub\Holtek\Input_output\Input_output.c"
  20  0003  31BF        	set [63].3
  21  0004              #line 21 "Y:\Documents\GitHub\Holtek\Input_output\Input_output.c"
  21  0004  3242        	set [66].4
  22  0005              #line 22 "Y:\Documents\GitHub\Holtek\Input_output\Input_output.c"
  22  0005  3243        	set [67].4
  24  0006              #line 24 "Y:\Documents\GitHub\Holtek\Input_output\Input_output.c"
  24  0006  3194        	set [20].3
  27  0007              #line 27 "Y:\Documents\GitHub\Holtek\Input_output\Input_output.c"
  27  0007  0F30        	mov a,48
  27  0008  00AF        	mov [47],a
  28  0009              #line 28 "Y:\Documents\GitHub\Holtek\Input_output\Input_output.c"
  28  0009  0FC1        	mov a,193
  28  000A  00B0        	mov [48],a
  29  000B              #line 29 "Y:\Documents\GitHub\Holtek\Input_output\Input_output.c"
  29  000B  0F71        	mov a,113
  29  000C  00B3        	mov [51],a
  30  000D              #line 30 "Y:\Documents\GitHub\Holtek\Input_output\Input_output.c"
  30  000D  0F02        	mov a,2
  30  000E  00B4        	mov [52],a
  31  000F              #line 31 "Y:\Documents\GitHub\Holtek\Input_output\Input_output.c"
  31  000F  318E        	set [14].3
  32  0010              #line 32 "Y:\Documents\GitHub\Holtek\Input_output\Input_output.c"
  32  0010  3091        	set [17].1
  33  0011              #line 33 "Y:\Documents\GitHub\Holtek\Input_output\Input_output.c"
  33  0011  300E        	set [14].0
  34  0012              #line 34 "Y:\Documents\GitHub\Holtek\Input_output\Input_output.c"
  34  0012  31AF        	set [47].3
  34  0013              _L6:
  34  0013  2800     R  	jmp _L6
  34  0014  2800     R  	jmp $
  34  0015              _main endp
  34  0015              
  34  0015              @dummy endp
  34  0015              
  34  0015              #line 34 "Y:\Documents\GitHub\Holtek\Input_output\Input_output.c"
  34  0015              #pragma debug scope 1 1
  34  0015              public _t0isr
文件：Input_output.c 编译器版本 HGASM 0202 页次5

  34  0015              #pragma debug scope 4 1
  47  0015              #line 47 "Y:\Documents\GitHub\Holtek\Input_output\Input_output.c"
  47  0000              @t0isr_code .section at 12 'code'
  47  0000  0080     E  	mov r1,a
  47  0001  070A        	mov a,status
  47  0002  0080     E  	mov r2,a
  47  0003  2800     R  	jmp _t0isr
  47  0004              #pragma debug scope 1 1
  47  0004              @dummy12 endp
  47  0004              #pragma debug scope 5 1
  47  0000              _t0isr .section 'code'
  47  0000              _t0isr proc
  49  0000              #line 49 "Y:\Documents\GitHub\Holtek\Input_output\Input_output.c"
  49  0000  3A91        	snz [17].5
  49  0001  2800     R  	jmp _L7
  50  0002              #line 50 "Y:\Documents\GitHub\Holtek\Input_output\Input_output.c"
  50  0002  3691        	clr [17].5
  51  0003              #line 51 "Y:\Documents\GitHub\Holtek\Input_output\Input_output.c"
  51  0003  0F01        	mov a,1
  51  0004  0300     R  	add a,___num_1861[0]
  51  0005  0080     E  	mov rb,a
  51  0006  0F00        	mov a,0
  51  0007  1300     R  	adc a,___num_1861[1]
  51  0008  0080     E  	mov rc,a
  51  0009  0700     E  	mov a,rb
  51  000A  0080     R  	mov ___num_1861[0],a
  51  000B  0700     E  	mov a,rc
  51  000C  0080     R  	mov ___num_1861[1],a
  52  000D              #line 52 "Y:\Documents\GitHub\Holtek\Input_output\Input_output.c"
  52  000D  0FC8        	mov a,200
  52  000E  0200     E  	sub a,rb
  52  000F  0F00        	mov a,0
  52  0010  1200     E  	sbc a,rc
  52  0011  3C0A        	sz c
  52  0012  2800     R  	jmp _L7
  53  0013              #line 53 "Y:\Documents\GitHub\Holtek\Input_output\Input_output.c"
  53  0013  1F00     E  	clr ra
  53  0014  3994        	snz [20].3
  53  0015  3000     E  	set ra.3
  53  0016  3594        	clr [20].3
  53  0017  0700     E  	mov a,ra
  53  0018  0594        	orm a,[20]
  54  0019              #line 54 "Y:\Documents\GitHub\Holtek\Input_output\Input_output.c"
  54  0019  1F00     R  	clr ___num_1861[0]
  54  001A  1F00     R  	clr ___num_1861[1]
  54  001B              _L7:
  54  001B  0700     E  	mov a,r2
  54  001C  008A        	mov status,a
  54  001D  0700     E  	mov a,r1
  54  001E  0004        	reti
  54  001F              _t0isr endp
  54  001F              
  54  001F              #line 54 "Y:\Documents\GitHub\Holtek\Input_output\Input_output.c"
  54  001F              #pragma debug scope 1 1
  54  0000              @HCCINIT	.section 'data'
  48  0000              #line 48 "Y:\Documents\GitHub\Holtek\Input_output\Input_output.c"
  48  0000              @HCCINIT .section 'data'
  48  0000              ___num_1861 label byte
  48  0000              #pragma debug variable 12 5 ___num_1861 "num"
  48  0000              	db 0
文件：Input_output.c 编译器版本 HGASM 0202 页次6

  48  0000              @ROMDATA_BASE .section inpage 'code'
  48  0000              	db 0
  48  0001              @HCCINIT .section 'data'
  48  0001              	db 0
  48  0001              @ROMDATA_BASE .section inpage 'code'
  48  0001              	db 0
  48  0002              @HCCINIT .section 'data'
  48  0002              #pragma debug struct_end
  48  0002              #pragma debug struct_end
  48  0002              #pragma debug union_end
  48  0002              #pragma debug union_end
  48  0002              #pragma debug variable 43 1 ___intc0 "__intc0" 1
  48  0002              #pragma debug struct_end
  48  0002              #pragma debug struct_end
  48  0002              #pragma debug union_end
  48  0002              #pragma debug union_end
  48  0002              #pragma debug variable 45 1 ___mfi0 "__mfi0" 1
  48  0002              #pragma debug struct_end
  48  0002              #pragma debug struct_end
  48  0002              #pragma debug union_end
  48  0002              #pragma debug union_end
  48  0002              #pragma debug variable 47 1 ___pa "__pa" 1
  48  0002              #pragma debug struct_end
  48  0002              #pragma debug struct_end
  48  0002              #pragma debug union_end
  48  0002              #pragma debug union_end
  48  0002              #pragma debug variable 49 1 ___pac "__pac" 1
  48  0002              #pragma debug struct_end
  48  0002              #pragma debug struct_end
  48  0002              #pragma debug union_end
  48  0002              #pragma debug union_end
  48  0002              #pragma debug variable 51 1 ___wdtc "__wdtc" 1
  48  0002              #pragma debug struct_end
  48  0002              #pragma debug struct_end
  48  0002              #pragma debug union_end
  48  0002              #pragma debug union_end
  48  0002              #pragma debug variable 53 1 ___tm0c0 "__tm0c0" 1
  48  0002              #pragma debug struct_end
  48  0002              #pragma debug struct_end
  48  0002              #pragma debug union_end
  48  0002              #pragma debug union_end
  48  0002              #pragma debug variable 55 1 ___tm0c1 "__tm0c1" 1
  48  0002              #pragma debug variable 8 1 ___tm0al "__tm0al" 1
  48  0002              #pragma debug variable 8 1 ___tm0ah "__tm0ah" 1
  48  0002              #pragma debug struct_end
  48  0002              #pragma debug struct_end
  48  0002              #pragma debug union_end
  48  0002              #pragma debug union_end
  48  0002              #pragma debug variable 57 1 ___cpc "__cpc" 1
  48  0002              #pragma debug struct_end
  48  0002              #pragma debug struct_end
  48  0002              #pragma debug union_end
  48  0002              #pragma debug union_end
  48  0002              #pragma debug variable 59 1 ___pcc "__pcc" 1
  48  0002              #pragma debug struct_end
  48  0002              #pragma debug struct_end
  48  0002              #pragma debug union_end
  48  0002              #pragma debug union_end
  48  0002              #pragma debug variable 61 1 ___pcpu "__pcpu" 1
  48  0002              extern r1:byte
文件：Input_output.c 编译器版本 HGASM 0202 页次7

  48  0002              extern r2:byte
  17  0002              #line 17 "Y:\Documents\GitHub\Holtek\Input_output\Input_output.c"
  17  0000              @code .section at 0 'code'
  17  0000  2800     R  	jmp _main_startup1
  17  0001              
  17  0001              
  17  0001              ; 
  17  0001              ; Generated by holtek-gcc v3.19, Tue Mar 26 14:05:35 2019
  17  0001              ; Rebuild 115
  17  0001              ; end of file


        0 Errors, 0